--2024-02-19 17:36:52--  http://ftp.1000genomes.ebi.ac.uk/vol1/ftp/data_collections/1000G_2504_high_coverage/1000G_2504_high_coverage.sequence.index
Resolving proxy-default (proxy-default)... 10.220.101.1
Connecting to proxy-default (proxy-default)|10.220.101.1|:3128... connected.
Proxy request sent, awaiting response... 200 OK
Length: 982480 (959K)
Saving to: ‘steps/1000genome/1000G_2504_high_coverage.sequence.index’

     0K .......... .......... .......... .......... ..........  5% 1.11M 1s
    50K .......... .......... .......... .......... .......... 10% 2.21M 1s
   100K .......... .......... .......... .......... .......... 15% 5.13M 0s
   150K .......... .......... .......... .......... .......... 20% 2.58M 0s
   200K .......... .......... .......... .......... .......... 26% 2.61M 0s
   250K .......... .......... .......... .......... .......... 31% 2.53M 0s
   300K .......... .......... .......... .......... .......... 36% 2.54M 0s
   350K .......... .......... .......... .......... .......... 41% 5.28M 0s
   400K .......... .......... .......... .......... .......... 46% 2.43M 0s
   450K .......... .......... .......... .......... .......... 52% 2.63M 0s
   500K .......... .......... .......... .......... .......... 57% 2.56M 0s
   550K .......... .......... .......... .......... .......... 62% 2.45M 0s
   600K .......... .......... .......... .......... .......... 67% 5.19M 0s
   650K .......... .......... .......... .......... .......... 72% 2.66M 0s
   700K .......... .......... .......... .......... .......... 78% 2.53M 0s
   750K .......... .......... .......... .......... .......... 83% 2.53M 0s
   800K .......... .......... .......... .......... .......... 88% 4.74M 0s
   850K .......... .......... .......... .......... .......... 93% 2.58M 0s
   900K .......... .......... .......... .......... .......... 99% 2.56M 0s
   950K .........                                             100% 4.14M=0.4s

2024-02-19 17:36:52 (2.64 MB/s) - ‘steps/1000genome/1000G_2504_high_coverage.sequence.index’ saved [982480/982480]

