--2024-02-19 17:36:52--  http://ftp.1000genomes.ebi.ac.uk/vol1/ftp/data_collections/1000_genomes_project/working/20160622_genome_mask_GRCh38/StrictMask/20160622.chrX.mask.fasta.gz
Resolving proxy-default (proxy-default)... 10.220.101.1
Connecting to proxy-default (proxy-default)|10.220.101.1|:3128... connected.
Proxy request sent, awaiting response... 200 OK
Length: 2121619 (2.0M) [application/x-gzip]
Saving to: ‘steps/1000genome/20160622.chrX.mask.fasta.gz’

     0K .......... .......... .......... .......... ..........  2% 1.13M 2s
    50K .......... .......... .......... .......... ..........  4% 2.20M 1s
   100K .......... .......... .......... .......... ..........  7% 4.89M 1s
   150K .......... .......... .......... .......... ..........  9% 2.68M 1s
   200K .......... .......... .......... .......... .......... 12% 2.47M 1s
   250K .......... .......... .......... .......... .......... 14% 2.75M 1s
   300K .......... .......... .......... .......... .......... 16% 2.44M 1s
   350K .......... .......... .......... .......... .......... 19% 5.27M 1s
   400K .......... .......... .......... .......... .......... 21% 2.65M 1s
   450K .......... .......... .......... .......... .......... 24% 2.57M 1s
   500K .......... .......... .......... .......... .......... 26% 2.47M 1s
   550K .......... .......... .......... .......... .......... 28% 2.49M 1s
   600K .......... .......... .......... .......... .......... 31% 5.05M 1s
   650K .......... .......... .......... .......... .......... 33% 2.49M 1s
   700K .......... .......... .......... .......... .......... 36% 2.65M 1s
   750K .......... .......... .......... .......... .......... 38% 2.53M 0s
   800K .......... .......... .......... .......... .......... 41%  967K 1s
   850K .......... .......... .......... .......... .......... 43% 5.04M 0s
   900K .......... .......... .......... .......... .......... 45% 4.06M 0s
   950K .......... .......... .......... .......... .......... 48% 2.53M 0s
  1000K .......... .......... .......... .......... .......... 50% 2.55M 0s
  1050K .......... .......... .......... .......... .......... 53% 4.07M 0s
  1100K .......... .......... .......... .......... .......... 55% 2.59M 0s
  1150K .......... .......... .......... .......... .......... 57% 2.70M 0s
  1200K .......... .......... .......... .......... .......... 60% 2.86M 0s
  1250K .......... .......... .......... .......... .......... 62% 3.90M 0s
  1300K .......... .......... .......... .......... .......... 65% 3.05M 0s
  1350K .......... .......... .......... .......... .......... 67% 2.59M 0s
  1400K .......... .......... .......... .......... .......... 69% 2.37M 0s
  1450K .......... .......... .......... .......... .......... 72% 2.68M 0s
  1500K .......... .......... .......... .......... .......... 74% 4.90M 0s
  1550K .......... .......... .......... .......... .......... 77% 2.67M 0s
  1600K .......... .......... .......... .......... .......... 79% 2.42M 0s
  1650K .......... .......... .......... .......... .......... 82% 2.57M 0s
  1700K .......... .......... .......... .......... .......... 84% 2.46M 0s
  1750K .......... .......... .......... .......... .......... 86% 5.10M 0s
  1800K .......... .......... .......... .......... .......... 89% 2.73M 0s
  1850K .......... .......... .......... .......... .......... 91% 2.34M 0s
  1900K .......... .......... .......... .......... .......... 94% 2.65M 0s
  1950K .......... .......... .......... .......... .......... 96% 4.39M 0s
  2000K .......... .......... .......... .......... .......... 98% 2.80M 0s
  2050K .......... .......... .                               100% 1.45M=0.8s

2024-02-19 17:36:53 (2.64 MB/s) - ‘steps/1000genome/20160622.chrX.mask.fasta.gz’ saved [2121619/2121619]

